<?xml version="1.0" encoding="UTF-8"?>
<!-- Generated by org.testng.reporters.JUnitXMLReporter -->
<testsuite ignored="2" hostname="LAPTOP-0GCL60V6" failures="0" tests="0" name="Smoke - Chrome" time="0.236" errors="0" timestamp="2026-01-20T15:36:01 MST">
  <testcase classname="tests.addtocart.AddToCartTest" name="verifyAddToCartFromSearchPopup" time="0.0">
    <ignored/>
  </testcase> <!-- verifyAddToCartFromSearchPopup -->
  <testcase classname="tests.addtocart.AddToCartTest" name="verifyCancelPopupDoesNotAddItem" time="0.0">
    <ignored/>
  </testcase> <!-- verifyCancelPopupDoesNotAddItem -->
</testsuite> <!-- Smoke - Chrome -->
