<?xml version="1.0" encoding="UTF-8"?>
<!-- Generated by org.testng.reporters.JUnitXMLReporter -->
<testsuite ignored="0" hostname="LAPTOP-0GCL60V6" failures="0" tests="4" name="Regression" time="228.719" errors="0" timestamp="2026-01-21T18:08:15 MST">
  <testcase classname="tests.search.SearchProductTest" name="verifySearchProduct" time="13.994"/>
  <testcase classname="tests.addtocart.AddToCartTest" name="verifyAddToCartFromProductPage" time="59.02"/>
  <testcase classname="tests.cart.CartTest" name="cart" time="58.821"/>
  <testcase classname="tests.checkout.GuestCheckoutTest" name="verifyGuestCheckoutRedirectsToSignIn" time="75.506"/>
</testsuite> <!-- Regression -->
