<?xml version="1.0" encoding="UTF-8"?>
<!-- Generated by org.testng.reporters.JUnitReportReporter -->
<testsuite hostname="LAPTOP-0GCL60V6" failures="0" tests="2" name="tests.search.SearchProductTest" time="48.094" errors="0" timestamp="2026-01-21T18:10:04 MST" skipped="0">
  <testcase classname="tests.search.SearchProductTest" name="verifySearchProduct" time="28.592"/>
  <testcase classname="tests.search.SearchProductTest" name="verifySearchProduct" time="19.502"/>
</testsuite> <!-- tests.search.SearchProductTest -->
