<?xml version="1.0" encoding="UTF-8"?>
<!-- Generated by org.testng.reporters.JUnitReportReporter -->
<testsuite hostname="LAPTOP-0GCL60V6" failures="0" tests="2" name="tests.addtocart.AddToCartTest" time="125.655" errors="0" timestamp="2026-01-21T18:10:04 MST" skipped="0">
  <testcase classname="tests.addtocart.AddToCartTest" name="verifyAddToCartFromProductPage" time="64.982"/>
  <testcase classname="tests.addtocart.AddToCartTest" name="verifyAddToCartFromProductPage" time="60.673"/>
</testsuite> <!-- tests.addtocart.AddToCartTest -->
